<?xml version="1.0" encoding="UTF-8"?>
<!-- Generated by org.testng.reporters.JUnitXMLReporter -->
<testsuite hostname="DESKTOP-J71GJ2U" ignored="0" name="Test" tests="3" failures="3" timestamp="04 Mar 2023 16:11:05 GMT" time="0.84" errors="0">
  <testcase name="runScenario" time="0.389" classname="io.cucumber.testng.AbstractTestNGCucumberTests">
    <failure type="cucumber.runtime.CucumberException" message="You&amp;apos;re not allowed to extend classes that define Step Definitions or hooks. class stepDef.LoginPageTest extends class stepDef.TestBase">
      <![CDATA[cucumber.runtime.CucumberException: You're not allowed to extend classes that define Step Definitions or hooks. class stepDef.LoginPageTest extends class stepDef.TestBase
at cucumber.runtime.java.MethodScanner.validateMethod(MethodScanner.java:74)
at cucumber.runtime.java.MethodScanner.scan(MethodScanner.java:60)
at cucumber.runtime.java.MethodScanner.scan(MethodScanner.java:41)
at cucumber.runtime.java.JavaBackend.loadGlue(JavaBackend.java:111)
at cucumber.runner.Runner.<init>(Runner.java:39)
at cucumber.runner.ThreadLocalRunnerSupplier.createRunner(ThreadLocalRunnerSupplier.java:42)
at cucumber.runner.ThreadLocalRunnerSupplier.access$000(ThreadLocalRunnerSupplier.java:13)
at cucumber.runner.ThreadLocalRunnerSupplier$1.initialValue(ThreadLocalRunnerSupplier.java:22)
at cucumber.runner.ThreadLocalRunnerSupplier$1.initialValue(ThreadLocalRunnerSupplier.java:19)
at java.lang.ThreadLocal.setInitialValue(ThreadLocal.java:180)
at java.lang.ThreadLocal.get(ThreadLocal.java:170)
at cucumber.runner.ThreadLocalRunnerSupplier.get(ThreadLocalRunnerSupplier.java:38)
at io.cucumber.testng.TestNGCucumberRunner.runScenario(TestNGCucumberRunner.java:67)
at io.cucumber.testng.AbstractTestNGCucumberTests.runScenario(AbstractTestNGCucumberTests.java:24)
... Removed 25 stack frames]]>
    </failure>
  </testcase> <!-- runScenario -->
  <testcase name="runScenario" time="0.049" classname="io.cucumber.testng.AbstractTestNGCucumberTests">
    <failure type="cucumber.runtime.CucumberException" message="You&amp;apos;re not allowed to extend classes that define Step Definitions or hooks. class stepDef.LoginPageTest extends class stepDef.TestBase">
      <![CDATA[cucumber.runtime.CucumberException: You're not allowed to extend classes that define Step Definitions or hooks. class stepDef.LoginPageTest extends class stepDef.TestBase
at cucumber.runtime.java.MethodScanner.validateMethod(MethodScanner.java:74)
at cucumber.runtime.java.MethodScanner.scan(MethodScanner.java:60)
at cucumber.runtime.java.MethodScanner.scan(MethodScanner.java:41)
at cucumber.runtime.java.JavaBackend.loadGlue(JavaBackend.java:111)
at cucumber.runner.Runner.<init>(Runner.java:39)
at cucumber.runner.ThreadLocalRunnerSupplier.createRunner(ThreadLocalRunnerSupplier.java:42)
at cucumber.runner.ThreadLocalRunnerSupplier.access$000(ThreadLocalRunnerSupplier.java:13)
at cucumber.runner.ThreadLocalRunnerSupplier$1.initialValue(ThreadLocalRunnerSupplier.java:22)
at cucumber.runner.ThreadLocalRunnerSupplier$1.initialValue(ThreadLocalRunnerSupplier.java:19)
at java.lang.ThreadLocal.setInitialValue(ThreadLocal.java:180)
at java.lang.ThreadLocal.get(ThreadLocal.java:170)
at cucumber.runner.ThreadLocalRunnerSupplier.get(ThreadLocalRunnerSupplier.java:38)
at io.cucumber.testng.TestNGCucumberRunner.runScenario(TestNGCucumberRunner.java:67)
at io.cucumber.testng.AbstractTestNGCucumberTests.runScenario(AbstractTestNGCucumberTests.java:24)
... Removed 25 stack frames]]>
    </failure>
  </testcase> <!-- runScenario -->
  <testcase name="runScenario" time="0.028" classname="io.cucumber.testng.AbstractTestNGCucumberTests">
    <failure type="cucumber.runtime.CucumberException" message="You&amp;apos;re not allowed to extend classes that define Step Definitions or hooks. class stepDef.LoginPageTest extends class stepDef.TestBase">
      <![CDATA[cucumber.runtime.CucumberException: You're not allowed to extend classes that define Step Definitions or hooks. class stepDef.LoginPageTest extends class stepDef.TestBase
at cucumber.runtime.java.MethodScanner.validateMethod(MethodScanner.java:74)
at cucumber.runtime.java.MethodScanner.scan(MethodScanner.java:60)
at cucumber.runtime.java.MethodScanner.scan(MethodScanner.java:41)
at cucumber.runtime.java.JavaBackend.loadGlue(JavaBackend.java:111)
at cucumber.runner.Runner.<init>(Runner.java:39)
at cucumber.runner.ThreadLocalRunnerSupplier.createRunner(ThreadLocalRunnerSupplier.java:42)
at cucumber.runner.ThreadLocalRunnerSupplier.access$000(ThreadLocalRunnerSupplier.java:13)
at cucumber.runner.ThreadLocalRunnerSupplier$1.initialValue(ThreadLocalRunnerSupplier.java:22)
at cucumber.runner.ThreadLocalRunnerSupplier$1.initialValue(ThreadLocalRunnerSupplier.java:19)
at java.lang.ThreadLocal.setInitialValue(ThreadLocal.java:180)
at java.lang.ThreadLocal.get(ThreadLocal.java:170)
at cucumber.runner.ThreadLocalRunnerSupplier.get(ThreadLocalRunnerSupplier.java:38)
at io.cucumber.testng.TestNGCucumberRunner.runScenario(TestNGCucumberRunner.java:67)
at io.cucumber.testng.AbstractTestNGCucumberTests.runScenario(AbstractTestNGCucumberTests.java:24)
... Removed 25 stack frames]]>
    </failure>
  </testcase> <!-- runScenario -->
</testsuite> <!-- Test -->
